{"/home/runner/work/dry/dry/src/App.vue": {"path":"/home/runner/work/dry/dry/src/App.vue","all":true,"statementMap":{"0":{"start":{"line":1,"column":0},"end":{"line":1,"column":24}},"1":{"start":{"line":2,"column":0},"end":{"line":2,"column":35}},"2":{"start":{"line":3,"column":0},"end":{"line":3,"column":33}},"3":{"start":{"line":4,"column":0},"end":{"line":4,"column":35}},"6":{"start":{"line":7,"column":0},"end":{"line":7,"column":10}},"7":{"start":{"line":8,"column":0},"end":{"line":8,"column":41}},"9":{"start":{"line":10,"column":0},"end":{"line":10,"column":8}},"11":{"start":{"line":12,"column":0},"end":{"line":12,"column":15}},"12":{"start":{"line":13,"column":0},"end":{"line":13,"column":47}},"13":{"start":{"line":14,"column":0},"end":{"line":14,"column":50}}},"s":{"0":0,"1":0,"2":0,"3":0,"6":0,"7":0,"9":0,"11":0,"12":0,"13":0},"branchMap":{"0":{"type":"branch","line":1,"loc":{"start":{"line":1,"column":348},"end":{"line":15,"column":11}},"locations":[{"start":{"line":1,"column":348},"end":{"line":15,"column":11}}]}},"b":{"0":[0]},"fnMap":{"0":{"name":"(empty-report)","decl":{"start":{"line":1,"column":348},"end":{"line":15,"column":11}},"loc":{"start":{"line":1,"column":348},"end":{"line":15,"column":11}},"line":1}},"f":{"0":0}}
,"/home/runner/work/dry/dry/src/lib.ts": {"path":"/home/runner/work/dry/dry/src/lib.ts","all":true,"statementMap":{"0":{"start":{"line":1,"column":0},"end":{"line":1,"column":32}},"1":{"start":{"line":2,"column":0},"end":{"line":2,"column":34}},"2":{"start":{"line":3,"column":0},"end":{"line":3,"column":34}}},"s":{"0":0,"1":0,"2":0},"branchMap":{"0":{"type":"branch","line":1,"loc":{"start":{"line":1,"column":131},"end":{"line":5,"column":27}},"locations":[{"start":{"line":1,"column":131},"end":{"line":5,"column":27}}]}},"b":{"0":[0]},"fnMap":{"0":{"name":"(empty-report)","decl":{"start":{"line":1,"column":131},"end":{"line":5,"column":27}},"loc":{"start":{"line":1,"column":131},"end":{"line":5,"column":27}},"line":1}},"f":{"0":0}}
,"/home/runner/work/dry/dry/src/main.ts": {"path":"/home/runner/work/dry/dry/src/main.ts","all":true,"statementMap":{"0":{"start":{"line":1,"column":0},"end":{"line":1,"column":31}},"1":{"start":{"line":2,"column":0},"end":{"line":2,"column":27}},"3":{"start":{"line":4,"column":0},"end":{"line":4,"column":28}}},"s":{"0":0,"1":0,"3":0},"branchMap":{"0":{"type":"branch","line":1,"loc":{"start":{"line":1,"column":0},"end":{"line":4,"column":-30}},"locations":[{"start":{"line":1,"column":0},"end":{"line":4,"column":-30}}]}},"b":{"0":[0]},"fnMap":{"0":{"name":"(empty-report)","decl":{"start":{"line":1,"column":0},"end":{"line":4,"column":-30}},"loc":{"start":{"line":1,"column":0},"end":{"line":4,"column":-30}},"line":1}},"f":{"0":0}}
,"/home/runner/work/dry/dry/src/dry/Dev.vue": {"path":"/home/runner/work/dry/dry/src/dry/Dev.vue","all":false,"statementMap":{"0":{"start":{"line":1,"column":0},"end":{"line":1,"column":10}},"1":{"start":{"line":2,"column":0},"end":{"line":2,"column":51}},"2":{"start":{"line":3,"column":0},"end":{"line":3,"column":30}},"3":{"start":{"line":4,"column":0},"end":{"line":4,"column":14}},"7":{"start":{"line":8,"column":0},"end":{"line":8,"column":30}},"9":{"start":{"line":10,"column":0},"end":{"line":10,"column":27}},"14":{"start":{"line":15,"column":0},"end":{"line":15,"column":30}},"16":{"start":{"line":17,"column":0},"end":{"line":17,"column":33}},"17":{"start":{"line":18,"column":0},"end":{"line":18,"column":39}},"18":{"start":{"line":19,"column":0},"end":{"line":19,"column":3}},"19":{"start":{"line":20,"column":0},"end":{"line":20,"column":28}},"20":{"start":{"line":21,"column":0},"end":{"line":21,"column":2}}},"s":{"0":1,"1":1,"2":1,"3":1,"7":1,"9":1,"14":1,"16":2,"17":2,"18":2,"19":0,"20":1},"branchMap":{"0":{"type":"branch","line":15,"loc":{"start":{"line":15,"column":23},"end":{"line":21,"column":1}},"locations":[{"start":{"line":15,"column":23},"end":{"line":21,"column":1}}]},"1":{"type":"branch","line":19,"loc":{"start":{"line":19,"column":2},"end":{"line":20,"column":28}},"locations":[{"start":{"line":19,"column":2},"end":{"line":20,"column":28}}]},"2":{"type":"branch","line":1,"loc":{"start":{"line":1,"column":0},"end":{"line":1,"column":10}},"locations":[{"start":{"line":1,"column":0},"end":{"line":1,"column":10}}]},"3":{"type":"branch","line":3,"loc":{"start":{"line":3,"column":4},"end":{"line":3,"column":29}},"locations":[{"start":{"line":3,"column":4},"end":{"line":3,"column":29}}]}},"b":{"0":[2],"1":[0],"2":[1],"3":[1]},"fnMap":{},"f":{}}
,"/home/runner/work/dry/dry/src/dry/Kiss.vue": {"path":"/home/runner/work/dry/dry/src/dry/Kiss.vue","all":false,"statementMap":{"0":{"start":{"line":1,"column":0},"end":{"line":1,"column":10}},"1":{"start":{"line":2,"column":0},"end":{"line":2,"column":22}},"3":{"start":{"line":4,"column":0},"end":{"line":4,"column":11}}},"s":{"0":1,"1":1,"3":1},"branchMap":{},"b":{},"fnMap":{},"f":{}}
,"/home/runner/work/dry/dry/src/dry/Prod.vue": {"path":"/home/runner/work/dry/dry/src/dry/Prod.vue","all":false,"statementMap":{"0":{"start":{"line":1,"column":0},"end":{"line":1,"column":10}},"1":{"start":{"line":2,"column":0},"end":{"line":2,"column":52}},"2":{"start":{"line":3,"column":0},"end":{"line":3,"column":31}},"3":{"start":{"line":4,"column":0},"end":{"line":4,"column":14}},"7":{"start":{"line":8,"column":0},"end":{"line":8,"column":30}},"9":{"start":{"line":10,"column":0},"end":{"line":10,"column":27}},"14":{"start":{"line":15,"column":0},"end":{"line":15,"column":31}},"16":{"start":{"line":17,"column":0},"end":{"line":17,"column":33}},"17":{"start":{"line":18,"column":0},"end":{"line":18,"column":38}},"18":{"start":{"line":19,"column":0},"end":{"line":19,"column":3}},"19":{"start":{"line":20,"column":0},"end":{"line":20,"column":29}},"20":{"start":{"line":21,"column":0},"end":{"line":21,"column":2}}},"s":{"0":1,"1":1,"2":1,"3":1,"7":1,"9":1,"14":1,"16":2,"17":2,"18":2,"19":0,"20":1},"branchMap":{"0":{"type":"branch","line":15,"loc":{"start":{"line":15,"column":24},"end":{"line":21,"column":1}},"locations":[{"start":{"line":15,"column":24},"end":{"line":21,"column":1}}]},"1":{"type":"branch","line":19,"loc":{"start":{"line":19,"column":2},"end":{"line":20,"column":29}},"locations":[{"start":{"line":19,"column":2},"end":{"line":20,"column":29}}]},"2":{"type":"branch","line":1,"loc":{"start":{"line":1,"column":0},"end":{"line":1,"column":10}},"locations":[{"start":{"line":1,"column":0},"end":{"line":1,"column":10}}]},"3":{"type":"branch","line":3,"loc":{"start":{"line":3,"column":4},"end":{"line":3,"column":30}},"locations":[{"start":{"line":3,"column":4},"end":{"line":3,"column":30}}]}},"b":{"0":[2],"1":[0],"2":[1],"3":[1]},"fnMap":{},"f":{}}
}
