{"/home/runner/work/dry/dry/src/App.vue": {"path":"/home/runner/work/dry/dry/src/App.vue","all":true,"statementMap":{"0":{"start":{"line":1,"column":0},"end":{"line":1,"column":24}},"1":{"start":{"line":2,"column":0},"end":{"line":2,"column":35}},"2":{"start":{"line":3,"column":0},"end":{"line":3,"column":33}},"3":{"start":{"line":4,"column":0},"end":{"line":4,"column":35}},"4":{"start":{"line":5,"column":0},"end":{"line":5,"column":41}},"6":{"start":{"line":7,"column":0},"end":{"line":7,"column":62}},"7":{"start":{"line":8,"column":0},"end":{"line":8,"column":59}},"8":{"start":{"line":9,"column":0},"end":{"line":9,"column":81}},"11":{"start":{"line":12,"column":0},"end":{"line":12,"column":10}},"12":{"start":{"line":13,"column":0},"end":{"line":13,"column":41}},"14":{"start":{"line":15,"column":0},"end":{"line":15,"column":8}},"16":{"start":{"line":17,"column":0},"end":{"line":17,"column":15}},"17":{"start":{"line":18,"column":0},"end":{"line":18,"column":47}},"18":{"start":{"line":19,"column":0},"end":{"line":19,"column":50}},"20":{"start":{"line":21,"column":0},"end":{"line":21,"column":38}},"22":{"start":{"line":23,"column":0},"end":{"line":23,"column":16}},"23":{"start":{"line":24,"column":0},"end":{"line":24,"column":41}},"25":{"start":{"line":26,"column":0},"end":{"line":26,"column":16}},"26":{"start":{"line":27,"column":0},"end":{"line":27,"column":30}},"28":{"start":{"line":29,"column":0},"end":{"line":29,"column":16}},"29":{"start":{"line":30,"column":0},"end":{"line":30,"column":40}},"31":{"start":{"line":32,"column":0},"end":{"line":32,"column":15}},"32":{"start":{"line":33,"column":0},"end":{"line":33,"column":39}},"34":{"start":{"line":35,"column":0},"end":{"line":35,"column":18}},"35":{"start":{"line":36,"column":0},"end":{"line":36,"column":42}},"37":{"start":{"line":38,"column":0},"end":{"line":38,"column":14}},"38":{"start":{"line":39,"column":0},"end":{"line":39,"column":32}},"40":{"start":{"line":41,"column":0},"end":{"line":41,"column":17}},"41":{"start":{"line":42,"column":0},"end":{"line":42,"column":19}}},"s":{"0":0,"1":0,"2":0,"3":0,"4":0,"6":0,"7":0,"8":0,"11":0,"12":0,"14":0,"16":0,"17":0,"18":0,"20":0,"22":0,"23":0,"25":0,"26":0,"28":0,"29":0,"31":0,"32":0,"34":0,"35":0,"37":0,"38":0,"40":0,"41":0},"branchMap":{"0":{"type":"branch","line":1,"loc":{"start":{"line":1,"column":1028},"end":{"line":43,"column":11}},"locations":[{"start":{"line":1,"column":1028},"end":{"line":43,"column":11}}]}},"b":{"0":[0]},"fnMap":{"0":{"name":"(empty-report)","decl":{"start":{"line":1,"column":1028},"end":{"line":43,"column":11}},"loc":{"start":{"line":1,"column":1028},"end":{"line":43,"column":11}},"line":1}},"f":{"0":0}}
,"/home/runner/work/dry/dry/src/lib.ts": {"path":"/home/runner/work/dry/dry/src/lib.ts","all":true,"statementMap":{"0":{"start":{"line":1,"column":0},"end":{"line":1,"column":32}},"1":{"start":{"line":2,"column":0},"end":{"line":2,"column":34}},"2":{"start":{"line":3,"column":0},"end":{"line":3,"column":34}},"3":{"start":{"line":4,"column":0},"end":{"line":4,"column":40}}},"s":{"0":0,"1":0,"2":0,"3":0},"branchMap":{"0":{"type":"branch","line":1,"loc":{"start":{"line":1,"column":181},"end":{"line":6,"column":36}},"locations":[{"start":{"line":1,"column":181},"end":{"line":6,"column":36}}]}},"b":{"0":[0]},"fnMap":{"0":{"name":"(empty-report)","decl":{"start":{"line":1,"column":181},"end":{"line":6,"column":36}},"loc":{"start":{"line":1,"column":181},"end":{"line":6,"column":36}},"line":1}},"f":{"0":0}}
,"/home/runner/work/dry/dry/src/main.ts": {"path":"/home/runner/work/dry/dry/src/main.ts","all":true,"statementMap":{"0":{"start":{"line":1,"column":0},"end":{"line":1,"column":31}},"1":{"start":{"line":2,"column":0},"end":{"line":2,"column":27}},"3":{"start":{"line":4,"column":0},"end":{"line":4,"column":28}}},"s":{"0":0,"1":0,"3":0},"branchMap":{"0":{"type":"branch","line":1,"loc":{"start":{"line":1,"column":0},"end":{"line":4,"column":-30}},"locations":[{"start":{"line":1,"column":0},"end":{"line":4,"column":-30}}]}},"b":{"0":[0]},"fnMap":{"0":{"name":"(empty-report)","decl":{"start":{"line":1,"column":0},"end":{"line":4,"column":-30}},"loc":{"start":{"line":1,"column":0},"end":{"line":4,"column":-30}},"line":1}},"f":{"0":0}}
,"/home/runner/work/dry/dry/src/dry/Dev.vue": {"path":"/home/runner/work/dry/dry/src/dry/Dev.vue","all":true,"statementMap":{"1":{"start":{"line":2,"column":0},"end":{"line":2,"column":23}},"3":{"start":{"line":4,"column":0},"end":{"line":4,"column":27}},"7":{"start":{"line":8,"column":0},"end":{"line":8,"column":27}},"12":{"start":{"line":13,"column":0},"end":{"line":13,"column":22}},"13":{"start":{"line":14,"column":0},"end":{"line":14,"column":28}},"14":{"start":{"line":15,"column":0},"end":{"line":15,"column":53}},"15":{"start":{"line":16,"column":0},"end":{"line":16,"column":3}},"16":{"start":{"line":17,"column":0},"end":{"line":17,"column":1}}},"s":{"1":0,"3":0,"7":0,"12":0,"13":0,"14":0,"15":0,"16":0},"branchMap":{"0":{"type":"branch","line":1,"loc":{"start":{"line":1,"column":1306},"end":{"line":18,"column":9}},"locations":[{"start":{"line":1,"column":1306},"end":{"line":18,"column":9}}]}},"b":{"0":[1]},"fnMap":{"0":{"name":"(empty-report)","decl":{"start":{"line":1,"column":1306},"end":{"line":18,"column":9}},"loc":{"start":{"line":1,"column":1306},"end":{"line":18,"column":9}},"line":1}},"f":{"0":1}}
,"/home/runner/work/dry/dry/src/dry/Inspect.vue": {"path":"/home/runner/work/dry/dry/src/dry/Inspect.vue","all":false,"statementMap":{"1":{"start":{"line":2,"column":0},"end":{"line":2,"column":40}},"3":{"start":{"line":4,"column":0},"end":{"line":4,"column":32}},"4":{"start":{"line":5,"column":0},"end":{"line":5,"column":18}},"5":{"start":{"line":6,"column":0},"end":{"line":6,"column":10}},"6":{"start":{"line":7,"column":0},"end":{"line":7,"column":11}},"7":{"start":{"line":8,"column":0},"end":{"line":8,"column":17}},"8":{"start":{"line":9,"column":0},"end":{"line":9,"column":24}},"9":{"start":{"line":10,"column":0},"end":{"line":10,"column":6}},"10":{"start":{"line":11,"column":0},"end":{"line":11,"column":10}},"11":{"start":{"line":12,"column":0},"end":{"line":12,"column":19}},"12":{"start":{"line":13,"column":0},"end":{"line":13,"column":21}},"13":{"start":{"line":14,"column":0},"end":{"line":14,"column":96}},"14":{"start":{"line":15,"column":0},"end":{"line":15,"column":5}},"15":{"start":{"line":16,"column":0},"end":{"line":16,"column":4}},"16":{"start":{"line":17,"column":0},"end":{"line":17,"column":16}},"17":{"start":{"line":18,"column":0},"end":{"line":18,"column":46}},"18":{"start":{"line":19,"column":0},"end":{"line":19,"column":39}},"19":{"start":{"line":20,"column":0},"end":{"line":20,"column":49}},"20":{"start":{"line":21,"column":0},"end":{"line":21,"column":60}},"22":{"start":{"line":23,"column":0},"end":{"line":23,"column":31}},"24":{"start":{"line":25,"column":0},"end":{"line":25,"column":32}},"25":{"start":{"line":26,"column":0},"end":{"line":26,"column":32}},"26":{"start":{"line":27,"column":0},"end":{"line":27,"column":52}},"27":{"start":{"line":28,"column":0},"end":{"line":28,"column":41}},"28":{"start":{"line":29,"column":0},"end":{"line":29,"column":9}},"29":{"start":{"line":30,"column":0},"end":{"line":30,"column":37}},"30":{"start":{"line":31,"column":0},"end":{"line":31,"column":7}},"32":{"start":{"line":33,"column":0},"end":{"line":33,"column":30}},"33":{"start":{"line":34,"column":0},"end":{"line":34,"column":35}},"34":{"start":{"line":35,"column":0},"end":{"line":35,"column":96}},"35":{"start":{"line":36,"column":0},"end":{"line":36,"column":9}},"37":{"start":{"line":38,"column":0},"end":{"line":38,"column":36}},"38":{"start":{"line":39,"column":0},"end":{"line":39,"column":36}},"39":{"start":{"line":40,"column":0},"end":{"line":40,"column":9}},"42":{"start":{"line":43,"column":0},"end":{"line":43,"column":45}},"43":{"start":{"line":44,"column":0},"end":{"line":44,"column":45}},"45":{"start":{"line":46,"column":0},"end":{"line":46,"column":76}},"46":{"start":{"line":47,"column":0},"end":{"line":47,"column":7}},"48":{"start":{"line":49,"column":0},"end":{"line":49,"column":30}},"49":{"start":{"line":50,"column":0},"end":{"line":50,"column":27}},"50":{"start":{"line":51,"column":0},"end":{"line":51,"column":7}},"52":{"start":{"line":53,"column":0},"end":{"line":53,"column":26}},"53":{"start":{"line":54,"column":0},"end":{"line":54,"column":5}},"55":{"start":{"line":56,"column":0},"end":{"line":56,"column":18}},"58":{"start":{"line":59,"column":0},"end":{"line":59,"column":46}},"60":{"start":{"line":61,"column":0},"end":{"line":61,"column":27}},"61":{"start":{"line":62,"column":0},"end":{"line":62,"column":35}},"62":{"start":{"line":63,"column":0},"end":{"line":63,"column":16}},"63":{"start":{"line":64,"column":0},"end":{"line":64,"column":34}},"64":{"start":{"line":65,"column":0},"end":{"line":65,"column":25}},"65":{"start":{"line":66,"column":0},"end":{"line":66,"column":37}},"66":{"start":{"line":67,"column":0},"end":{"line":67,"column":35}},"67":{"start":{"line":68,"column":0},"end":{"line":68,"column":30}},"68":{"start":{"line":69,"column":0},"end":{"line":69,"column":33}},"69":{"start":{"line":70,"column":0},"end":{"line":70,"column":33}},"70":{"start":{"line":71,"column":0},"end":{"line":71,"column":9}},"71":{"start":{"line":72,"column":0},"end":{"line":72,"column":17}},"72":{"start":{"line":73,"column":0},"end":{"line":73,"column":5}},"73":{"start":{"line":74,"column":0},"end":{"line":74,"column":3}},"74":{"start":{"line":75,"column":0},"end":{"line":75,"column":2}}},"s":{"1":1,"3":1,"4":1,"5":1,"6":1,"7":1,"8":1,"9":1,"10":1,"11":1,"12":1,"13":1,"14":1,"15":1,"16":1,"17":15,"18":20,"19":20,"20":20,"22":16,"24":20,"25":2,"26":2,"27":0,"28":0,"29":2,"30":2,"32":20,"33":4,"34":1,"35":1,"37":4,"38":1,"39":1,"42":2,"43":4,"45":1,"46":1,"48":20,"49":5,"50":5,"52":5,"53":20,"55":15,"58":15,"60":15,"61":15,"62":15,"63":15,"64":15,"65":15,"66":15,"67":15,"68":15,"69":15,"70":15,"71":15,"72":15,"73":15,"74":1},"branchMap":{"0":{"type":"branch","line":14,"loc":{"start":{"line":14,"column":17},"end":{"line":14,"column":96}},"locations":[{"start":{"line":14,"column":17},"end":{"line":14,"column":96}}]},"1":{"type":"branch","line":17,"loc":{"start":{"line":17,"column":2},"end":{"line":74,"column":3}},"locations":[{"start":{"line":17,"column":2},"end":{"line":74,"column":3}}]},"2":{"type":"branch","line":18,"loc":{"start":{"line":18,"column":24},"end":{"line":54,"column":5}},"locations":[{"start":{"line":18,"column":24},"end":{"line":54,"column":5}}]},"3":{"type":"branch","line":19,"loc":{"start":{"line":19,"column":26},"end":{"line":19,"column":39}},"locations":[{"start":{"line":19,"column":26},"end":{"line":19,"column":39}}]},"4":{"type":"branch","line":19,"loc":{"start":{"line":19,"column":33},"end":{"line":20,"column":38}},"locations":[{"start":{"line":19,"column":33},"end":{"line":20,"column":38}}]},"5":{"type":"branch","line":20,"loc":{"start":{"line":20,"column":31},"end":{"line":20,"column":49}},"locations":[{"start":{"line":20,"column":31},"end":{"line":20,"column":49}}]},"6":{"type":"branch","line":20,"loc":{"start":{"line":20,"column":38},"end":{"line":21,"column":44}},"locations":[{"start":{"line":20,"column":38},"end":{"line":21,"column":44}}]},"7":{"type":"branch","line":21,"loc":{"start":{"line":21,"column":37},"end":{"line":21,"column":60}},"locations":[{"start":{"line":21,"column":37},"end":{"line":21,"column":60}}]},"8":{"type":"branch","line":21,"loc":{"start":{"line":21,"column":59},"end":{"line":25,"column":31}},"locations":[{"start":{"line":21,"column":59},"end":{"line":25,"column":31}}]},"9":{"type":"branch","line":25,"loc":{"start":{"line":25,"column":31},"end":{"line":31,"column":7}},"locations":[{"start":{"line":25,"column":31},"end":{"line":31,"column":7}}]},"10":{"type":"branch","line":27,"loc":{"start":{"line":27,"column":51},"end":{"line":29,"column":9}},"locations":[{"start":{"line":27,"column":51},"end":{"line":29,"column":9}}]},"11":{"type":"branch","line":31,"loc":{"start":{"line":31,"column":6},"end":{"line":33,"column":29}},"locations":[{"start":{"line":31,"column":6},"end":{"line":33,"column":29}}]},"12":{"type":"branch","line":33,"loc":{"start":{"line":33,"column":29},"end":{"line":47,"column":7}},"locations":[{"start":{"line":33,"column":29},"end":{"line":47,"column":7}}]},"13":{"type":"branch","line":34,"loc":{"start":{"line":34,"column":34},"end":{"line":36,"column":9}},"locations":[{"start":{"line":34,"column":34},"end":{"line":36,"column":9}}]},"14":{"type":"branch","line":36,"loc":{"start":{"line":36,"column":8},"end":{"line":38,"column":35}},"locations":[{"start":{"line":36,"column":8},"end":{"line":38,"column":35}}]},"15":{"type":"branch","line":38,"loc":{"start":{"line":38,"column":35},"end":{"line":40,"column":9}},"locations":[{"start":{"line":38,"column":35},"end":{"line":40,"column":9}}]},"16":{"type":"branch","line":40,"loc":{"start":{"line":40,"column":8},"end":{"line":44,"column":41}},"locations":[{"start":{"line":40,"column":8},"end":{"line":44,"column":41}}]},"17":{"type":"branch","line":44,"loc":{"start":{"line":44,"column":34},"end":{"line":47,"column":7}},"locations":[{"start":{"line":44,"column":34},"end":{"line":47,"column":7}}]},"18":{"type":"branch","line":47,"loc":{"start":{"line":47,"column":6},"end":{"line":49,"column":29}},"locations":[{"start":{"line":47,"column":6},"end":{"line":49,"column":29}}]},"19":{"type":"branch","line":49,"loc":{"start":{"line":49,"column":29},"end":{"line":53,"column":26}},"locations":[{"start":{"line":49,"column":29},"end":{"line":53,"column":26}}]},"20":{"type":"branch","line":35,"loc":{"start":{"line":35,"column":54},"end":{"line":35,"column":81}},"locations":[{"start":{"line":35,"column":54},"end":{"line":35,"column":81}}]},"21":{"type":"branch","line":46,"loc":{"start":{"line":46,"column":27},"end":{"line":46,"column":64}},"locations":[{"start":{"line":46,"column":27},"end":{"line":46,"column":64}}]},"22":{"type":"branch","line":56,"loc":{"start":{"line":56,"column":11},"end":{"line":73,"column":5}},"locations":[{"start":{"line":56,"column":11},"end":{"line":73,"column":5}}]}},"b":{"0":[15],"1":[15],"2":[20],"3":[1],"4":[19],"5":[3],"6":[16],"7":[0],"8":[16],"9":[2],"10":[0],"11":[14],"12":[4],"13":[1],"14":[3],"15":[1],"16":[2],"17":[1],"18":[10],"19":[5],"20":[3],"21":[2],"22":[15]},"fnMap":{"0":{"name":"validator","decl":{"start":{"line":14,"column":17},"end":{"line":14,"column":96}},"loc":{"start":{"line":14,"column":17},"end":{"line":14,"column":96}},"line":14},"1":{"name":"setup","decl":{"start":{"line":17,"column":2},"end":{"line":74,"column":3}},"loc":{"start":{"line":17,"column":2},"end":{"line":74,"column":3}},"line":17},"2":{"name":"renderValue","decl":{"start":{"line":18,"column":24},"end":{"line":54,"column":5}},"loc":{"start":{"line":18,"column":24},"end":{"line":54,"column":5}},"line":18}},"f":{"0":15,"1":15,"2":20}}
,"/home/runner/work/dry/dry/src/dry/Kiss.vue": {"path":"/home/runner/work/dry/dry/src/dry/Kiss.vue","all":true,"statementMap":{"0":{"start":{"line":1,"column":0},"end":{"line":1,"column":10}},"1":{"start":{"line":2,"column":0},"end":{"line":2,"column":22}},"3":{"start":{"line":4,"column":0},"end":{"line":4,"column":11}}},"s":{"0":0,"1":0,"3":0},"branchMap":{"0":{"type":"branch","line":1,"loc":{"start":{"line":1,"column":99},"end":{"line":5,"column":11}},"locations":[{"start":{"line":1,"column":99},"end":{"line":5,"column":11}}]}},"b":{"0":[0]},"fnMap":{"0":{"name":"(empty-report)","decl":{"start":{"line":1,"column":99},"end":{"line":5,"column":11}},"loc":{"start":{"line":1,"column":99},"end":{"line":5,"column":11}},"line":1}},"f":{"0":0}}
,"/home/runner/work/dry/dry/src/dry/Prod.vue": {"path":"/home/runner/work/dry/dry/src/dry/Prod.vue","all":true,"statementMap":{"1":{"start":{"line":2,"column":0},"end":{"line":2,"column":23}},"3":{"start":{"line":4,"column":0},"end":{"line":4,"column":27}},"7":{"start":{"line":8,"column":0},"end":{"line":8,"column":27}},"12":{"start":{"line":13,"column":0},"end":{"line":13,"column":22}},"13":{"start":{"line":14,"column":0},"end":{"line":14,"column":29}},"14":{"start":{"line":15,"column":0},"end":{"line":15,"column":53}},"15":{"start":{"line":16,"column":0},"end":{"line":16,"column":3}},"16":{"start":{"line":17,"column":0},"end":{"line":17,"column":1}}},"s":{"1":0,"3":0,"7":0,"12":0,"13":0,"14":0,"15":0,"16":0},"branchMap":{"0":{"type":"branch","line":1,"loc":{"start":{"line":1,"column":1307},"end":{"line":18,"column":9}},"locations":[{"start":{"line":1,"column":1307},"end":{"line":18,"column":9}}]}},"b":{"0":[1]},"fnMap":{"0":{"name":"(empty-report)","decl":{"start":{"line":1,"column":1307},"end":{"line":18,"column":9}},"loc":{"start":{"line":1,"column":1307},"end":{"line":18,"column":9}},"line":1}},"f":{"0":1}}
}
